Using pre-set license
Built from '2021.3/staging' branch; Version is '2021.3.16f1 (4016570cf34f) revision 4200023'; Using compiler version '192829333'; Build Type 'Release'
OS: 'Windows 11  (10.0.22000) 64bit CoreSingleLanguage' Language: 'en' Physical Memory: 7932 MB
BatchMode: 1, IsHumanControllingUs: 0, StartBugReporterOnCrash: 0, Is64bit: 1, IsPro: 1

COMMAND LINE ARGUMENTS:
C:\Program Files\Unity\Hub\Editor\2021.3.16f1\Editor\Unity.exe
-adb2
-batchMode
-noUpm
-name
AssetImportWorker0
-projectPath
C:/Unity/Unity Project/Game Basket
-logFile
Logs/AssetImportWorker0.log
-srvPort
56180
Successfully changed project path to: C:/Unity/Unity Project/Game Basket
C:/Unity/Unity Project/Game Basket
[UnityMemory] Configuration Parameters - Can be set up in boot.config
    "memorysetup-bucket-allocator-granularity=16"
    "memorysetup-bucket-allocator-bucket-count=8"
    "memorysetup-bucket-allocator-block-size=33554432"
    "memorysetup-bucket-allocator-block-count=8"
    "memorysetup-main-allocator-block-size=16777216"
    "memorysetup-thread-allocator-block-size=16777216"
    "memorysetup-gfx-main-allocator-block-size=16777216"
    "memorysetup-gfx-thread-allocator-block-size=16777216"
    "memorysetup-cache-allocator-block-size=4194304"
    "memorysetup-typetree-allocator-block-size=2097152"
    "memorysetup-profiler-bucket-allocator-granularity=16"
    "memorysetup-profiler-bucket-allocator-bucket-count=8"
    "memorysetup-profiler-bucket-allocator-block-size=33554432"
    "memorysetup-profiler-bucket-allocator-block-count=8"
    "memorysetup-profiler-allocator-block-size=16777216"
    "memorysetup-profiler-editor-allocator-block-size=1048576"
    "memorysetup-temp-allocator-size-main=16777216"
    "memorysetup-job-temp-allocator-block-size=2097152"
    "memorysetup-job-temp-allocator-block-size-background=1048576"
    "memorysetup-job-temp-allocator-reduction-small-platforms=262144"
    "memorysetup-temp-allocator-size-background-worker=32768"
    "memorysetup-temp-allocator-size-job-worker=262144"
    "memorysetup-temp-allocator-size-preload-manager=33554432"
    "memorysetup-temp-allocator-size-nav-mesh-worker=65536"
    "memorysetup-temp-allocator-size-audio-worker=65536"
    "memorysetup-temp-allocator-size-cloud-worker=32768"
    "memorysetup-temp-allocator-size-gi-baking-worker=262144"
    "memorysetup-temp-allocator-size-gfx=262144"
Player connection [1976] Host "[IP] 192.168.100.8 [Port] 0 [Flags] 2 [Guid] 3096894172 [EditorId] 3096894172 [Version] 1048832 [Id] WindowsEditor(7,LAPTOP-SC3OHPT5) [Debug] 1 [PackageName] WindowsEditor [ProjectName] Editor" joined multi-casting on [225.0.0.222:54997]...

Player connection [1976] Host "[IP] 192.168.100.8 [Port] 0 [Flags] 2 [Guid] 3096894172 [EditorId] 3096894172 [Version] 1048832 [Id] WindowsEditor(7,LAPTOP-SC3OHPT5) [Debug] 1 [PackageName] WindowsEditor [ProjectName] Editor" joined alternative multi-casting on [225.0.0.222:34997]...

Refreshing native plugins compatible for Editor in 123.38 ms, found 3 plugins.
Preloading 0 native plugins for Editor in 0.00 ms.
Initialize engine version: 2021.3.16f1 (4016570cf34f)
[Subsystems] Discovering subsystems at path C:/Program Files/Unity/Hub/Editor/2021.3.16f1/Editor/Data/Resources/UnitySubsystems
[Subsystems] Discovering subsystems at path C:/Unity/Unity Project/Game Basket/Assets
GfxDevice: creating device client; threaded=0; jobified=0
Direct3D:
    Version:  Direct3D 11.0 [level 11.1]
    Renderer: Intel(R) UHD Graphics (ID=0x8a56)
    Vendor:   Intel
    VRAM:     3966 MB
    Driver:   30.0.100.9864
Initialize mono
Mono path[0] = 'C:/Program Files/Unity/Hub/Editor/2021.3.16f1/Editor/Data/Managed'
Mono path[1] = 'C:/Program Files/Unity/Hub/Editor/2021.3.16f1/Editor/Data/MonoBleedingEdge/lib/mono/unityjit-win32'
Mono config path = 'C:/Program Files/Unity/Hub/Editor/2021.3.16f1/Editor/Data/MonoBleedingEdge/etc'
Using monoOptions --debugger-agent=transport=dt_socket,embedding=1,server=y,suspend=n,address=127.0.0.1:56180
Begin MonoManager ReloadAssembly
Registering precompiled unity dll's ...
Register platform support module: C:/Program Files/Unity/Hub/Editor/2021.3.16f1/Editor/Data/PlaybackEngines/WebGLSupport/UnityEditor.WebGL.Extensions.dll
Register platform support module: C:/Program Files/Unity/Hub/Editor/2021.3.16f1/Editor/Data/PlaybackEngines/AndroidPlayer/UnityEditor.Android.Extensions.dll
Register platform support module: C:/Program Files/Unity/Hub/Editor/2021.3.16f1/Editor/Data/PlaybackEngines/WindowsStandaloneSupport/UnityEditor.WindowsStandalone.Extensions.dll
Registered in 0.005022 seconds.
Native extension for WindowsStandalone target not found
Native extension for Android target not found
Native extension for WebGL target not found
Refreshing native plugins compatible for Editor in 99.36 ms, found 3 plugins.
Preloading 0 native plugins for Editor in 0.00 ms.
Mono: successfully reloaded assembly
- Completed reload, in  0.769 seconds
Domain Reload Profiling:
	ReloadAssembly (769ms)
		BeginReloadAssembly (71ms)
			ExecutionOrderSort (0ms)
			DisableScriptedObjects (0ms)
			BackupInstance (0ms)
			ReleaseScriptingObjects (0ms)
			CreateAndSetChildDomain (1ms)
		EndReloadAssembly (556ms)
			LoadAssemblies (69ms)
			RebuildTransferFunctionScriptingTraits (0ms)
			SetupTypeCache (115ms)
			ReleaseScriptCaches (0ms)
			RebuildScriptCaches (57ms)
			SetupLoadedEditorAssemblies (333ms)
				LogAssemblyErrors (0ms)
				InitializePlatformSupportModulesInManaged (85ms)
				SetLoadedEditorAssemblies (0ms)
				RefreshPlugins (99ms)
				BeforeProcessingInitializeOnLoad (1ms)
				ProcessInitializeOnLoadAttributes (100ms)
				ProcessInitializeOnLoadMethodAttributes (47ms)
				AfterProcessingInitializeOnLoad (0ms)
				EditorAssembliesLoaded (0ms)
			ExecutionOrderSort2 (0ms)
			AwakeInstancesAfterBackupRestoration (0ms)
Platform modules already initialized, skipping
Registering precompiled user dll's ...
Registered in 0.004757 seconds.
Begin MonoManager ReloadAssembly
Symbol file LoadedFromMemory doesn't match image C:\Unity\Unity Project\Game Basket\Library\PackageCache\com.unity.visualscripting@1.7.8\Editor\VisualScripting.Core\Dependencies\YamlDotNet\Unity.VisualScripting.YamlDotNet.dll
Symbol file LoadedFromMemory doesn't match image C:\Unity\Unity Project\Game Basket\Library\PackageCache\com.unity.visualscripting@1.7.8\Editor\VisualScripting.Core\Dependencies\DotNetZip\Unity.VisualScripting.IonicZip.dll
Native extension for WindowsStandalone target not found
Native extension for Android target not found
Native extension for WebGL target not found
Refreshing native plugins compatible for Editor in 1.10 ms, found 3 plugins.
Preloading 0 native plugins for Editor in 0.00 ms.
Mono: successfully reloaded assembly
- Completed reload, in  3.036 seconds
Domain Reload Profiling:
	ReloadAssembly (3037ms)
		BeginReloadAssembly (303ms)
			ExecutionOrderSort (0ms)
			DisableScriptedObjects (6ms)
			BackupInstance (0ms)
			ReleaseScriptingObjects (0ms)
			CreateAndSetChildDomain (149ms)
		EndReloadAssembly (2456ms)
			LoadAssemblies (194ms)
			RebuildTransferFunctionScriptingTraits (0ms)
			SetupTypeCache (1009ms)
			ReleaseScriptCaches (2ms)
			RebuildScriptCaches (200ms)
			SetupLoadedEditorAssemblies (892ms)
				LogAssemblyErrors (0ms)
				InitializePlatformSupportModulesInManaged (47ms)
				SetLoadedEditorAssemblies (1ms)
				RefreshPlugins (1ms)
				BeforeProcessingInitializeOnLoad (214ms)
				ProcessInitializeOnLoadAttributes (593ms)
				ProcessInitializeOnLoadMethodAttributes (29ms)
				AfterProcessingInitializeOnLoad (5ms)
				EditorAssembliesLoaded (0ms)
			ExecutionOrderSort2 (0ms)
			AwakeInstancesAfterBackupRestoration (6ms)
Platform modules already initialized, skipping
========================================================================
Worker process is ready to serve import requests
Launched and connected shader compiler UnityShaderCompiler.exe after 0.07 seconds
Refreshing native plugins compatible for Editor in 0.57 ms, found 3 plugins.
Preloading 0 native plugins for Editor in 0.00 ms.
Unloading 3361 Unused Serialized files (Serialized files now loaded: 0)
Unloading 27 unused Assets / (113.9 KB). Loaded Objects now: 3834.
Memory consumption went from 127.6 MB to 127.5 MB.
Total: 7.974000 ms (FindLiveObjects: 0.338300 ms CreateObjectMapping: 0.176800 ms MarkObjects: 6.517800 ms  DeleteObjects: 0.932600 ms)

AssetImportParameters requested are different than current active one (requested -> active):
  custom:video-decoder-ogg-theora: a1e56fd34408186e4bbccfd4996cb3dc -> 
  custom:container-muxer-webm: aa71ff27fc2769a1b78a27578f13a17b -> 
  custom:container-demuxer-webm: 4f35f7cbe854078d1ac9338744f61a02 -> 
  custom:video-encoder-webm-vp8: eb34c28f22e8b96e1ab97ce403110664 -> 
  custom:audio-encoder-webm-vorbis: bf7c407c2cedff20999df2af8eb42d56 -> 
  custom:framework-win-MediaFoundation: 216162199b28c13a410421893ffa2e32 -> 
  custom:container-demuxer-ogg: 62fdf1f143b41e24485cea50d1cbac27 -> 
  custom:video-decoder-webm-vp8: 9c59270c3fd7afecdb556c50c9e8de78 -> 
  custom:audio-decoder-ogg-vorbis: bf7c407c2cedff20999df2af8eb42d56 -> 
========================================================================
Received Import Request.
  Time since last request: 1093107.438288 seconds.
  path: Assets/New Terrain.asset
  artifactKey: Guid(fe3e8a90b763a7740ab1b235b76360a2) Importer(815301076,1909f56bfc062723c751e8b465ee728b)
Start importing Assets/New Terrain.asset using Guid(fe3e8a90b763a7740ab1b235b76360a2) Importer(815301076,1909f56bfc062723c751e8b465ee728b)  -> (artifact id: '23df6a84eac33232255d807017119374') in 0.072886 seconds 
========================================================================
Received Import Request.
  Time since last request: 23.111859 seconds.
  path: Assets/New Terrain.asset
  artifactKey: Guid(fe3e8a90b763a7740ab1b235b76360a2) Importer(815301076,1909f56bfc062723c751e8b465ee728b)
Start importing Assets/New Terrain.asset using Guid(fe3e8a90b763a7740ab1b235b76360a2) Importer(815301076,1909f56bfc062723c751e8b465ee728b)  -> (artifact id: '6eb09bedb6a1871d3a2c30cf99e377e2') in 0.008118 seconds 
========================================================================
Received Import Request.
  Time since last request: 190.247303 seconds.
  path: Assets/Model/Basketball Hoop.fbx
  artifactKey: Guid(a91e9e210858bf34cb85c6fff20cecf1) Importer(815301076,1909f56bfc062723c751e8b465ee728b)
Start importing Assets/Model/Basketball Hoop.fbx using Guid(a91e9e210858bf34cb85c6fff20cecf1) Importer(815301076,1909f56bfc062723c751e8b465ee728b)  -> (artifact id: 'b08fb442b8ede6b465be708e89830d7a') in 0.153901 seconds 
========================================================================
Received Import Request.
  Time since last request: 273.216931 seconds.
  path: Assets/Material/New Material 1.mat
  artifactKey: Guid(8fd6893c49b63144287a941767e4ad06) Importer(815301076,1909f56bfc062723c751e8b465ee728b)
Start importing Assets/Material/New Material 1.mat using Guid(8fd6893c49b63144287a941767e4ad06) Importer(815301076,1909f56bfc062723c751e8b465ee728b)  -> (artifact id: 'e9ff8b31c807de64e95c25bdfbb38332') in 0.028158 seconds 
========================================================================
Received Import Request.
  Time since last request: 10.647096 seconds.
  path: Assets/Material/Floor.mat
  artifactKey: Guid(aab75a365bf03ec4ca0f3c17f9c84f96) Importer(815301076,1909f56bfc062723c751e8b465ee728b)
Start importing Assets/Material/Floor.mat using Guid(aab75a365bf03ec4ca0f3c17f9c84f96) Importer(815301076,1909f56bfc062723c751e8b465ee728b)  -> (artifact id: 'c28187f3c972e5861b8d9a351cfb80dc') in 0.023785 seconds 
========================================================================
Received Import Request.
  Time since last request: 6.306508 seconds.
  path: Assets/Material/Box.mat
  artifactKey: Guid(8fd6893c49b63144287a941767e4ad06) Importer(815301076,1909f56bfc062723c751e8b465ee728b)
Start importing Assets/Material/Box.mat using Guid(8fd6893c49b63144287a941767e4ad06) Importer(815301076,1909f56bfc062723c751e8b465ee728b)  -> (artifact id: 'e41940faf660078500f02463a89673c7') in 0.024753 seconds 
========================================================================
Received Import Request.
  Time since last request: 468.303547 seconds.
  path: Assets/Material/Basket.mat
  artifactKey: Guid(981c911cc4583c1488ce43b3689c970f) Importer(815301076,1909f56bfc062723c751e8b465ee728b)
Start importing Assets/Material/Basket.mat using Guid(981c911cc4583c1488ce43b3689c970f) Importer(815301076,1909f56bfc062723c751e8b465ee728b)  -> (artifact id: '1235ab51dcf2e655aa623164b53bbae0') in 0.026887 seconds 
========================================================================
Received Import Request.
  Time since last request: 86.987431 seconds.
  path: Assets/Physic Material
  artifactKey: Guid(58f3fdab575511a4d9c36a2af983f3df) Importer(815301076,1909f56bfc062723c751e8b465ee728b)
Start importing Assets/Physic Material using Guid(58f3fdab575511a4d9c36a2af983f3df) Importer(815301076,1909f56bfc062723c751e8b465ee728b)  -> (artifact id: 'e1b3a0c4e75d7abe7e77774653a7f42e') in 0.014310 seconds 
========================================================================
Received Import Request.
  Time since last request: 126.690069 seconds.
  path: Assets/Physic Material/Basket.physicMaterial
  artifactKey: Guid(2c7d47203813d1943873c987b60fdbf0) Importer(815301076,1909f56bfc062723c751e8b465ee728b)
Start importing Assets/Physic Material/Basket.physicMaterial using Guid(2c7d47203813d1943873c987b60fdbf0) Importer(815301076,1909f56bfc062723c751e8b465ee728b)  -> (artifact id: 'ce6cae50359bdabcdfefaba7fffbe307') in 0.006416 seconds 
========================================================================
Received Import Request.
  Time since last request: 120.827133 seconds.
  path: Assets/Physic Material/Basket.physicMaterial
  artifactKey: Guid(2c7d47203813d1943873c987b60fdbf0) Importer(815301076,1909f56bfc062723c751e8b465ee728b)
Start importing Assets/Physic Material/Basket.physicMaterial using Guid(2c7d47203813d1943873c987b60fdbf0) Importer(815301076,1909f56bfc062723c751e8b465ee728b)  -> (artifact id: 'b84bb5a884d5ca2106e5dcd01e999d72') in 0.004359 seconds 
========================================================================
Received Import Request.
  Time since last request: 33.260348 seconds.
  path: Assets/Material/Basket.mat
  artifactKey: Guid(981c911cc4583c1488ce43b3689c970f) Importer(2089858483,0ecaa5967403d082aa24f35e1b516d23)
Start importing Assets/Material/Basket.mat using Guid(981c911cc4583c1488ce43b3689c970f) Importer(2089858483,0ecaa5967403d082aa24f35e1b516d23) Generated GUIDs only implemented for interfaces!
 -> (artifact id: '5cea9085bc2bd2b9a240a7fd58c6a3f2') in 0.139002 seconds 
========================================================================
Received Import Request.
  Time since last request: 0.000136 seconds.
  path: Assets/Scenes/SampleScene.unity
  artifactKey: Guid(9fc0d4010bbf28b4594072e72b8655ab) Importer(2089858483,0ecaa5967403d082aa24f35e1b516d23)
Start importing Assets/Scenes/SampleScene.unity using Guid(9fc0d4010bbf28b4594072e72b8655ab) Importer(2089858483,0ecaa5967403d082aa24f35e1b516d23) Generated GUIDs only implemented for interfaces!
 -> (artifact id: '4b2c9a8731fc5f8349cc035f5e125da4') in 0.022215 seconds 
========================================================================
Received Import Request.
  Time since last request: 0.000066 seconds.
  path: Assets/Texture/Floor Wood.jpg
  artifactKey: Guid(1c513f7121814474e849d1cc81ce011f) Importer(2089858483,0ecaa5967403d082aa24f35e1b516d23)
Start importing Assets/Texture/Floor Wood.jpg using Guid(1c513f7121814474e849d1cc81ce011f) Importer(2089858483,0ecaa5967403d082aa24f35e1b516d23) Generated GUIDs only implemented for interfaces!
 -> (artifact id: 'ff6cf98e60089b81c0897f73c5658b37') in 0.106585 seconds 
========================================================================
Received Import Request.
  Time since last request: 0.000047 seconds.
  path: Assets/Texture/Basket Ball.png
  artifactKey: Guid(6d654cab43f683a43a57b155fe8b5ebf) Importer(2089858483,0ecaa5967403d082aa24f35e1b516d23)
Start importing Assets/Texture/Basket Ball.png using Guid(6d654cab43f683a43a57b155fe8b5ebf) Importer(2089858483,0ecaa5967403d082aa24f35e1b516d23) Generated GUIDs only implemented for interfaces!
 -> (artifact id: 'b52d09dc69fbeb05b7eb9c9021800479') in 0.040626 seconds 
========================================================================
Received Import Request.
  Time since last request: 0.000038 seconds.
  path: Assets/Material/Floor.mat
  artifactKey: Guid(aab75a365bf03ec4ca0f3c17f9c84f96) Importer(2089858483,0ecaa5967403d082aa24f35e1b516d23)
Start importing Assets/Material/Floor.mat using Guid(aab75a365bf03ec4ca0f3c17f9c84f96) Importer(2089858483,0ecaa5967403d082aa24f35e1b516d23) Generated GUIDs only implemented for interfaces!
 -> (artifact id: 'b7b1dfd0b1774b919251ee9401ca5cae') in 0.023835 seconds 
========================================================================
Received Import Request.
  Time since last request: 0.000122 seconds.
  path: Assets/Texture/Crate.jpg
  artifactKey: Guid(21b72052ff434a74a98b7f3a6209e81d) Importer(2089858483,0ecaa5967403d082aa24f35e1b516d23)
Start importing Assets/Texture/Crate.jpg using Guid(21b72052ff434a74a98b7f3a6209e81d) Importer(2089858483,0ecaa5967403d082aa24f35e1b516d23) Generated GUIDs only implemented for interfaces!
 -> (artifact id: 'a02cbbc95def64b80b8fd2f54655b950') in 0.029124 seconds 
========================================================================
Received Prepare
Refreshing native plugins compatible for Editor in 3.51 ms, found 3 plugins.
Preloading 0 native plugins for Editor in 0.00 ms.
Unloading 20 Unused Serialized files (Serialized files now loaded: 0)
Unloading 20 unused Assets / (77.6 KB). Loaded Objects now: 3879.
Memory consumption went from 65.7 MB to 65.6 MB.
Total: 3.847700 ms (FindLiveObjects: 0.262800 ms CreateObjectMapping: 0.140200 ms MarkObjects: 3.347200 ms  DeleteObjects: 0.096500 ms)

AssetImportParameters requested are different than current active one (requested -> active):
  custom:video-decoder-ogg-theora: a1e56fd34408186e4bbccfd4996cb3dc -> 
  custom:container-muxer-webm: aa71ff27fc2769a1b78a27578f13a17b -> 
  custom:container-demuxer-webm: 4f35f7cbe854078d1ac9338744f61a02 -> 
  custom:video-encoder-webm-vp8: eb34c28f22e8b96e1ab97ce403110664 -> 
  custom:audio-encoder-webm-vorbis: bf7c407c2cedff20999df2af8eb42d56 -> 
  custom:framework-win-MediaFoundation: 216162199b28c13a410421893ffa2e32 -> 
  custom:SearchIndexIgnoredProperties: e643bd26f0fe6173181afceb89e7c659 -> 
  custom:container-demuxer-ogg: 62fdf1f143b41e24485cea50d1cbac27 -> 
  custom:video-decoder-webm-vp8: 9c59270c3fd7afecdb556c50c9e8de78 -> 
  custom:audio-decoder-ogg-vorbis: bf7c407c2cedff20999df2af8eb42d56 -> 
========================================================================
Received Import Request.
  Time since last request: 14.543725 seconds.
  path: Assets/Scenes/Level1.unity
  artifactKey: Guid(1c24875227da42e43bf00ecfe0852ff2) Importer(2089858483,0ecaa5967403d082aa24f35e1b516d23)
Start importing Assets/Scenes/Level1.unity using Guid(1c24875227da42e43bf00ecfe0852ff2) Importer(2089858483,0ecaa5967403d082aa24f35e1b516d23) Generated GUIDs only implemented for interfaces!
 -> (artifact id: 'bcd79ce3bc39d3c4ed61a94a6cde2a5a') in 0.013755 seconds 
========================================================================
Received Import Request.
  Time since last request: 6.795770 seconds.
  path: Assets/Scenes/SampleScene.unity
  artifactKey: Guid(9fc0d4010bbf28b4594072e72b8655ab) Importer(815301076,1909f56bfc062723c751e8b465ee728b)
Start importing Assets/Scenes/SampleScene.unity using Guid(9fc0d4010bbf28b4594072e72b8655ab) Importer(815301076,1909f56bfc062723c751e8b465ee728b)  -> (artifact id: '650a2423892f8f8cdee85beb410b4906') in 0.010487 seconds 
========================================================================
Received Import Request.
  Time since last request: 184.419321 seconds.
  path: Assets/Script
  artifactKey: Guid(f796c65b73da8b44c96a1ffba4e6a855) Importer(815301076,1909f56bfc062723c751e8b465ee728b)
Start importing Assets/Script using Guid(f796c65b73da8b44c96a1ffba4e6a855) Importer(815301076,1909f56bfc062723c751e8b465ee728b)  -> (artifact id: '003b451debc53baae5fc3d53f4872aff') in 0.012502 seconds 
========================================================================
Received Import Request.
  Time since last request: 0.953756 seconds.
  path: Assets/Script
  artifactKey: Guid(f796c65b73da8b44c96a1ffba4e6a855) Importer(2089858483,0ecaa5967403d082aa24f35e1b516d23)
Start importing Assets/Script using Guid(f796c65b73da8b44c96a1ffba4e6a855) Importer(2089858483,0ecaa5967403d082aa24f35e1b516d23) Generated GUIDs only implemented for interfaces!
 -> (artifact id: '198cfc21e10515e48b5e9eeb83d56cc1') in 0.011404 seconds 
========================================================================
Received Import Request.
  Time since last request: 22.916975 seconds.
  path: Assets/Script/PlayerMovement.cs
  artifactKey: Guid(419a9582b9333cf4cb97dcc753383b2f) Importer(815301076,1909f56bfc062723c751e8b465ee728b)
Start importing Assets/Script/PlayerMovement.cs using Guid(419a9582b9333cf4cb97dcc753383b2f) Importer(815301076,1909f56bfc062723c751e8b465ee728b)  -> (artifact id: '62f3142bd04f2f252468507d18f0de9a') in 0.022167 seconds 
========================================================================
Received Import Request.
  Time since last request: 0.779435 seconds.
  path: Assets/Script/PlayerMovement.cs
  artifactKey: Guid(419a9582b9333cf4cb97dcc753383b2f) Importer(2089858483,0ecaa5967403d082aa24f35e1b516d23)
Start importing Assets/Script/PlayerMovement.cs using Guid(419a9582b9333cf4cb97dcc753383b2f) Importer(2089858483,0ecaa5967403d082aa24f35e1b516d23) Generated GUIDs only implemented for interfaces!
 -> (artifact id: 'bd4c624238469ccc2d12b02eea8b19b2') in 0.012756 seconds 
========================================================================
Received Prepare
Registering precompiled user dll's ...
Registered in 0.004917 seconds.
Begin MonoManager ReloadAssembly
Symbol file LoadedFromMemory doesn't match image C:\Unity\Unity Project\Game Basket\Library\PackageCache\com.unity.visualscripting@1.7.8\Editor\VisualScripting.Core\Dependencies\YamlDotNet\Unity.VisualScripting.YamlDotNet.dll
Symbol file LoadedFromMemory doesn't match image C:\Unity\Unity Project\Game Basket\Library\PackageCache\com.unity.visualscripting@1.7.8\Editor\VisualScripting.Core\Dependencies\DotNetZip\Unity.VisualScripting.IonicZip.dll
Native extension for WindowsStandalone target not found
Native extension for Android target not found
Native extension for WebGL target not found
Refreshing native plugins compatible for Editor in 0.53 ms, found 3 plugins.
Preloading 0 native plugins for Editor in 0.00 ms.
Mono: successfully reloaded assembly
- Completed reload, in  1.205 seconds
Domain Reload Profiling:
	ReloadAssembly (1205ms)
		BeginReloadAssembly (168ms)
			ExecutionOrderSort (0ms)
			DisableScriptedObjects (5ms)
			BackupInstance (0ms)
			ReleaseScriptingObjects (0ms)
			CreateAndSetChildDomain (52ms)
		EndReloadAssembly (901ms)
			LoadAssemblies (133ms)
			RebuildTransferFunctionScriptingTraits (0ms)
			SetupTypeCache (357ms)
			ReleaseScriptCaches (1ms)
			RebuildScriptCaches (44ms)
			SetupLoadedEditorAssemblies (340ms)
				LogAssemblyErrors (0ms)
				InitializePlatformSupportModulesInManaged (25ms)
				SetLoadedEditorAssemblies (0ms)
				RefreshPlugins (1ms)
				BeforeProcessingInitializeOnLoad (71ms)
				ProcessInitializeOnLoadAttributes (213ms)
				ProcessInitializeOnLoadMethodAttributes (25ms)
				AfterProcessingInitializeOnLoad (5ms)
				EditorAssembliesLoaded (0ms)
			ExecutionOrderSort2 (0ms)
			AwakeInstancesAfterBackupRestoration (6ms)
Platform modules already initialized, skipping
Refreshing native plugins compatible for Editor in 1.99 ms, found 3 plugins.
Preloading 0 native plugins for Editor in 0.00 ms.
Unloading 3357 Unused Serialized files (Serialized files now loaded: 0)
Unloading 20 unused Assets / (80.5 KB). Loaded Objects now: 3882.
Memory consumption went from 132.3 MB to 132.3 MB.
Total: 3.199200 ms (FindLiveObjects: 0.362800 ms CreateObjectMapping: 0.185500 ms MarkObjects: 2.553700 ms  DeleteObjects: 0.096100 ms)

AssetImportParameters requested are different than current active one (requested -> active):
  custom:video-decoder-ogg-theora: a1e56fd34408186e4bbccfd4996cb3dc -> 
  custom:container-muxer-webm: aa71ff27fc2769a1b78a27578f13a17b -> 
  custom:container-demuxer-webm: 4f35f7cbe854078d1ac9338744f61a02 -> 
  custom:video-encoder-webm-vp8: eb34c28f22e8b96e1ab97ce403110664 -> 
  custom:audio-encoder-webm-vorbis: bf7c407c2cedff20999df2af8eb42d56 -> 
  custom:framework-win-MediaFoundation: 216162199b28c13a410421893ffa2e32 -> 
  custom:SearchIndexIgnoredProperties: e643bd26f0fe6173181afceb89e7c659 -> 
  custom:container-demuxer-ogg: 62fdf1f143b41e24485cea50d1cbac27 -> 
  custom:video-decoder-webm-vp8: 9c59270c3fd7afecdb556c50c9e8de78 -> 
  custom:audio-decoder-ogg-vorbis: bf7c407c2cedff20999df2af8eb42d56 -> 
========================================================================
Received Import Request.
  Time since last request: 1014.877141 seconds.
  path: Assets/Script/PlayerMovement.cs
  artifactKey: Guid(419a9582b9333cf4cb97dcc753383b2f) Importer(815301076,1909f56bfc062723c751e8b465ee728b)
Start importing Assets/Script/PlayerMovement.cs using Guid(419a9582b9333cf4cb97dcc753383b2f) Importer(815301076,1909f56bfc062723c751e8b465ee728b)  -> (artifact id: 'e52809c76b5fc496ff94013ae12b420a') in 0.019537 seconds 
========================================================================
Received Import Request.
  Time since last request: 267.853895 seconds.
  path: Assets/Script/xx.cs
  artifactKey: Guid(0a4667555920d464884fc567b36ab9c4) Importer(815301076,1909f56bfc062723c751e8b465ee728b)
Start importing Assets/Script/xx.cs using Guid(0a4667555920d464884fc567b36ab9c4) Importer(815301076,1909f56bfc062723c751e8b465ee728b)  -> (artifact id: '9dbaa896d06564f89263af6df7b90319') in 0.009779 seconds 
========================================================================
Received Import Request.
  Time since last request: 1735.691636 seconds.
  path: Assets/Script/PlayerMovement.cs
  artifactKey: Guid(419a9582b9333cf4cb97dcc753383b2f) Importer(815301076,1909f56bfc062723c751e8b465ee728b)
Start importing Assets/Script/PlayerMovement.cs using Guid(419a9582b9333cf4cb97dcc753383b2f) Importer(815301076,1909f56bfc062723c751e8b465ee728b)  -> (artifact id: '79119dcba92ee926789fa398ad6d666d') in 0.010488 seconds 
========================================================================
Received Import Request.
  Time since last request: 1683.991359 seconds.
  path: Assets/Script/PlayerMovement.cs
  artifactKey: Guid(419a9582b9333cf4cb97dcc753383b2f) Importer(815301076,1909f56bfc062723c751e8b465ee728b)
Start importing Assets/Script/PlayerMovement.cs using Guid(419a9582b9333cf4cb97dcc753383b2f) Importer(815301076,1909f56bfc062723c751e8b465ee728b)  -> (artifact id: '3c98ea176dc27c7ecda7cd07159a95b1') in 0.020900 seconds 
========================================================================
Received Prepare
Registering precompiled user dll's ...
Registered in 0.006097 seconds.
Begin MonoManager ReloadAssembly
Symbol file LoadedFromMemory doesn't match image C:\Unity\Unity Project\Game Basket\Library\PackageCache\com.unity.visualscripting@1.7.8\Editor\VisualScripting.Core\Dependencies\YamlDotNet\Unity.VisualScripting.YamlDotNet.dll
Symbol file LoadedFromMemory doesn't match image C:\Unity\Unity Project\Game Basket\Library\PackageCache\com.unity.visualscripting@1.7.8\Editor\VisualScripting.Core\Dependencies\DotNetZip\Unity.VisualScripting.IonicZip.dll
Native extension for WindowsStandalone target not found
Native extension for Android target not found
Native extension for WebGL target not found
Refreshing native plugins compatible for Editor in 1.41 ms, found 3 plugins.
Preloading 0 native plugins for Editor in 0.00 ms.
Mono: successfully reloaded assembly
- Completed reload, in  2.334 seconds
Domain Reload Profiling:
	ReloadAssembly (2337ms)
		BeginReloadAssembly (405ms)
			ExecutionOrderSort (0ms)
			DisableScriptedObjects (29ms)
			BackupInstance (0ms)
			ReleaseScriptingObjects (0ms)
			CreateAndSetChildDomain (177ms)
		EndReloadAssembly (1796ms)
			LoadAssemblies (122ms)
			RebuildTransferFunctionScriptingTraits (0ms)
			SetupTypeCache (375ms)
			ReleaseScriptCaches (3ms)
			RebuildScriptCaches (95ms)
			SetupLoadedEditorAssemblies (1027ms)
				LogAssemblyErrors (0ms)
				InitializePlatformSupportModulesInManaged (79ms)
				SetLoadedEditorAssemblies (2ms)
				RefreshPlugins (2ms)
				BeforeProcessingInitializeOnLoad (170ms)
				ProcessInitializeOnLoadAttributes (673ms)
				ProcessInitializeOnLoadMethodAttributes (84ms)
				AfterProcessingInitializeOnLoad (17ms)
				EditorAssembliesLoaded (0ms)
			ExecutionOrderSort2 (0ms)
			AwakeInstancesAfterBackupRestoration (18ms)
Platform modules already initialized, skipping
Refreshing native plugins compatible for Editor in 1.88 ms, found 3 plugins.
Preloading 0 native plugins for Editor in 0.00 ms.
Unloading 3356 Unused Serialized files (Serialized files now loaded: 0)
Unloading 21 unused Assets / (80.4 KB). Loaded Objects now: 3884.
Memory consumption went from 132.3 MB to 132.3 MB.
Total: 3.985500 ms (FindLiveObjects: 0.352700 ms CreateObjectMapping: 0.139800 ms MarkObjects: 3.252300 ms  DeleteObjects: 0.238600 ms)

AssetImportParameters requested are different than current active one (requested -> active):
  custom:video-decoder-ogg-theora: a1e56fd34408186e4bbccfd4996cb3dc -> 
  custom:container-muxer-webm: aa71ff27fc2769a1b78a27578f13a17b -> 
  custom:container-demuxer-webm: 4f35f7cbe854078d1ac9338744f61a02 -> 
  custom:video-encoder-webm-vp8: eb34c28f22e8b96e1ab97ce403110664 -> 
  custom:audio-encoder-webm-vorbis: bf7c407c2cedff20999df2af8eb42d56 -> 
  custom:framework-win-MediaFoundation: 216162199b28c13a410421893ffa2e32 -> 
  custom:SearchIndexIgnoredProperties: e643bd26f0fe6173181afceb89e7c659 -> 
  custom:container-demuxer-ogg: 62fdf1f143b41e24485cea50d1cbac27 -> 
  custom:video-decoder-webm-vp8: 9c59270c3fd7afecdb556c50c9e8de78 -> 
  custom:audio-decoder-ogg-vorbis: bf7c407c2cedff20999df2af8eb42d56 -> 
========================================================================
Received Prepare
Registering precompiled user dll's ...
Registered in 0.006504 seconds.
Begin MonoManager ReloadAssembly
Symbol file LoadedFromMemory doesn't match image C:\Unity\Unity Project\Game Basket\Library\PackageCache\com.unity.visualscripting@1.7.8\Editor\VisualScripting.Core\Dependencies\YamlDotNet\Unity.VisualScripting.YamlDotNet.dll
Symbol file LoadedFromMemory doesn't match image C:\Unity\Unity Project\Game Basket\Library\PackageCache\com.unity.visualscripting@1.7.8\Editor\VisualScripting.Core\Dependencies\DotNetZip\Unity.VisualScripting.IonicZip.dll
Native extension for WindowsStandalone target not found
Native extension for Android target not found
Native extension for WebGL target not found
Refreshing native plugins compatible for Editor in 0.58 ms, found 3 plugins.
Preloading 0 native plugins for Editor in 0.00 ms.
Mono: successfully reloaded assembly
- Completed reload, in  1.041 seconds
Domain Reload Profiling:
	ReloadAssembly (1041ms)
		BeginReloadAssembly (137ms)
			ExecutionOrderSort (0ms)
			DisableScriptedObjects (6ms)
			BackupInstance (0ms)
			ReleaseScriptingObjects (0ms)
			CreateAndSetChildDomain (37ms)
		EndReloadAssembly (798ms)
			LoadAssemblies (81ms)
			RebuildTransferFunctionScriptingTraits (0ms)
			SetupTypeCache (300ms)
			ReleaseScriptCaches (1ms)
			RebuildScriptCaches (45ms)
			SetupLoadedEditorAssemblies (329ms)
				LogAssemblyErrors (0ms)
				InitializePlatformSupportModulesInManaged (24ms)
				SetLoadedEditorAssemblies (0ms)
				RefreshPlugins (1ms)
				BeforeProcessingInitializeOnLoad (68ms)
				ProcessInitializeOnLoadAttributes (205ms)
				ProcessInitializeOnLoadMethodAttributes (26ms)
				AfterProcessingInitializeOnLoad (5ms)
				EditorAssembliesLoaded (0ms)
			ExecutionOrderSort2 (0ms)
			AwakeInstancesAfterBackupRestoration (6ms)
Platform modules already initialized, skipping
Refreshing native plugins compatible for Editor in 1.66 ms, found 3 plugins.
Preloading 0 native plugins for Editor in 0.00 ms.
Unloading 3356 Unused Serialized files (Serialized files now loaded: 0)
Unloading 20 unused Assets / (80.5 KB). Loaded Objects now: 3887.
Memory consumption went from 132.3 MB to 132.3 MB.
Total: 2.743600 ms (FindLiveObjects: 0.233900 ms CreateObjectMapping: 0.119800 ms MarkObjects: 2.288600 ms  DeleteObjects: 0.100200 ms)

AssetImportParameters requested are different than current active one (requested -> active):
  custom:video-decoder-ogg-theora: a1e56fd34408186e4bbccfd4996cb3dc -> 
  custom:container-muxer-webm: aa71ff27fc2769a1b78a27578f13a17b -> 
  custom:container-demuxer-webm: 4f35f7cbe854078d1ac9338744f61a02 -> 
  custom:video-encoder-webm-vp8: eb34c28f22e8b96e1ab97ce403110664 -> 
  custom:audio-encoder-webm-vorbis: bf7c407c2cedff20999df2af8eb42d56 -> 
  custom:framework-win-MediaFoundation: 216162199b28c13a410421893ffa2e32 -> 
  custom:SearchIndexIgnoredProperties: e643bd26f0fe6173181afceb89e7c659 -> 
  custom:container-demuxer-ogg: 62fdf1f143b41e24485cea50d1cbac27 -> 
  custom:video-decoder-webm-vp8: 9c59270c3fd7afecdb556c50c9e8de78 -> 
  custom:audio-decoder-ogg-vorbis: bf7c407c2cedff20999df2af8eb42d56 -> 
========================================================================
Received Import Request.
  Time since last request: 83.692492 seconds.
  path: Assets/Script/Player Movement.cs
  artifactKey: Guid(b2e61acb29ed7eb4b90142c607eb26bf) Importer(815301076,1909f56bfc062723c751e8b465ee728b)
Start importing Assets/Script/Player Movement.cs using Guid(b2e61acb29ed7eb4b90142c607eb26bf) Importer(815301076,1909f56bfc062723c751e8b465ee728b)  -> (artifact id: '922401e9597590ec64e02361162cbaf4') in 0.014738 seconds 
========================================================================
Received Prepare
Registering precompiled user dll's ...
Registered in 0.005163 seconds.
Begin MonoManager ReloadAssembly
Symbol file LoadedFromMemory doesn't match image C:\Unity\Unity Project\Game Basket\Library\PackageCache\com.unity.visualscripting@1.7.8\Editor\VisualScripting.Core\Dependencies\YamlDotNet\Unity.VisualScripting.YamlDotNet.dll
Symbol file LoadedFromMemory doesn't match image C:\Unity\Unity Project\Game Basket\Library\PackageCache\com.unity.visualscripting@1.7.8\Editor\VisualScripting.Core\Dependencies\DotNetZip\Unity.VisualScripting.IonicZip.dll
Native extension for WindowsStandalone target not found
Native extension for Android target not found
Native extension for WebGL target not found
Refreshing native plugins compatible for Editor in 2.25 ms, found 3 plugins.
Preloading 0 native plugins for Editor in 0.00 ms.
Mono: successfully reloaded assembly
- Completed reload, in  2.887 seconds
Domain Reload Profiling:
	ReloadAssembly (2889ms)
		BeginReloadAssembly (161ms)
			ExecutionOrderSort (0ms)
			DisableScriptedObjects (6ms)
			BackupInstance (0ms)
			ReleaseScriptingObjects (0ms)
			CreateAndSetChildDomain (41ms)
		EndReloadAssembly (2519ms)
			LoadAssemblies (155ms)
			RebuildTransferFunctionScriptingTraits (0ms)
			SetupTypeCache (895ms)
			ReleaseScriptCaches (5ms)
			RebuildScriptCaches (153ms)
			SetupLoadedEditorAssemblies (1059ms)
				LogAssemblyErrors (0ms)
				InitializePlatformSupportModulesInManaged (74ms)
				SetLoadedEditorAssemblies (2ms)
				RefreshPlugins (2ms)
				BeforeProcessingInitializeOnLoad (189ms)
				ProcessInitializeOnLoadAttributes (691ms)
				ProcessInitializeOnLoadMethodAttributes (80ms)
				AfterProcessingInitializeOnLoad (20ms)
				EditorAssembliesLoaded (0ms)
			ExecutionOrderSort2 (0ms)
			AwakeInstancesAfterBackupRestoration (21ms)
Platform modules already initialized, skipping
Refreshing native plugins compatible for Editor in 1.98 ms, found 3 plugins.
Preloading 0 native plugins for Editor in 0.00 ms.
Unloading 3357 Unused Serialized files (Serialized files now loaded: 0)
Unloading 20 unused Assets / (80.4 KB). Loaded Objects now: 3891.
Memory consumption went from 132.4 MB to 132.3 MB.
Total: 3.536500 ms (FindLiveObjects: 0.398600 ms CreateObjectMapping: 0.154700 ms MarkObjects: 2.886900 ms  DeleteObjects: 0.095000 ms)

AssetImportParameters requested are different than current active one (requested -> active):
  custom:video-decoder-ogg-theora: a1e56fd34408186e4bbccfd4996cb3dc -> 
  custom:container-muxer-webm: aa71ff27fc2769a1b78a27578f13a17b -> 
  custom:container-demuxer-webm: 4f35f7cbe854078d1ac9338744f61a02 -> 
  custom:video-encoder-webm-vp8: eb34c28f22e8b96e1ab97ce403110664 -> 
  custom:audio-encoder-webm-vorbis: bf7c407c2cedff20999df2af8eb42d56 -> 
  custom:framework-win-MediaFoundation: 216162199b28c13a410421893ffa2e32 -> 
  custom:SearchIndexIgnoredProperties: e643bd26f0fe6173181afceb89e7c659 -> 
  custom:container-demuxer-ogg: 62fdf1f143b41e24485cea50d1cbac27 -> 
  custom:video-decoder-webm-vp8: 9c59270c3fd7afecdb556c50c9e8de78 -> 
  custom:audio-decoder-ogg-vorbis: bf7c407c2cedff20999df2af8eb42d56 -> 
========================================================================
Received Import Request.
  Time since last request: 15.848703 seconds.
  path: Assets/Script/Player Movement.cs
  artifactKey: Guid(b2e61acb29ed7eb4b90142c607eb26bf) Importer(815301076,1909f56bfc062723c751e8b465ee728b)
Start importing Assets/Script/Player Movement.cs using Guid(b2e61acb29ed7eb4b90142c607eb26bf) Importer(815301076,1909f56bfc062723c751e8b465ee728b)  -> (artifact id: '3a746fdc127bb97e288e96e4fcfd0bcd') in 0.008095 seconds 
========================================================================
Received Import Request.
  Time since last request: 576.926627 seconds.
  path: Assets/Script/Player Movement.cs
  artifactKey: Guid(b2e61acb29ed7eb4b90142c607eb26bf) Importer(815301076,1909f56bfc062723c751e8b465ee728b)
Start importing Assets/Script/Player Movement.cs using Guid(b2e61acb29ed7eb4b90142c607eb26bf) Importer(815301076,1909f56bfc062723c751e8b465ee728b)  -> (artifact id: '83f0c52d4f220d37dc3e95d558f882a0') in 0.003884 seconds 
========================================================================
Received Import Request.
  Time since last request: 269.417324 seconds.
  path: Assets/Script/Player Movement.cs
  artifactKey: Guid(b2e61acb29ed7eb4b90142c607eb26bf) Importer(815301076,1909f56bfc062723c751e8b465ee728b)
Start importing Assets/Script/Player Movement.cs using Guid(b2e61acb29ed7eb4b90142c607eb26bf) Importer(815301076,1909f56bfc062723c751e8b465ee728b)  -> (artifact id: 'e685687bf47af5a45fc050867f70049e') in 0.011081 seconds 
========================================================================
Received Import Request.
  Time since last request: 2.099324 seconds.
  path: Assets/Script/csjn.cs
  artifactKey: Guid(815d1bf746523ce49bb8abd7641a4b35) Importer(815301076,1909f56bfc062723c751e8b465ee728b)
Start importing Assets/Script/csjn.cs using Guid(815d1bf746523ce49bb8abd7641a4b35) Importer(815301076,1909f56bfc062723c751e8b465ee728b)  -> (artifact id: '5eac75aaf5d4047814540730c81d190f') in 0.011643 seconds 
